{
  "RSpec": {
    "coverage": {
      "C:/Users/kosta/OneDrive/Makers/algorithmic_complexity/spec/algorithm_timer_spec.rb": {
        "lines": [
          1,
          null,
          1,
          null,
          1,
          1,
          1,
          1,
          null,
          1,
          null,
          null,
          null,
          1,
          1,
          1,
          1,
          null,
          1,
          1,
          null,
          1,
          10,
          null,
          null,
          null,
          null,
          1,
          1,
          1,
          1,
          1,
          null,
          1,
          1,
          null,
          1,
          1,
          1,
          null,
          null,
          null,
          1,
          1,
          1,
          1,
          1,
          null,
          1,
          null,
          null,
          null,
          1,
          1,
          1,
          1,
          1,
          1,
          1,
          null,
          1,
          null,
          null,
          null,
          1,
          1,
          1,
          3,
          null,
          1,
          null,
          null,
          null,
          1,
          1,
          1,
          1,
          null,
          1,
          1,
          1,
          1,
          1,
          1,
          1,
          null,
          1,
          null,
          1,
          10,
          null,
          null,
          1,
          3,
          3,
          3,
          3,
          null,
          null,
          null,
          null,
          1,
          2,
          null,
          1,
          1,
          1,
          null,
          1,
          null,
          1,
          3,
          null,
          null,
          null,
          null,
          1,
          1,
          null,
          null,
          null,
          null
        ]
      },
      "C:/Users/kosta/OneDrive/Makers/algorithmic_complexity/lib/algorithm_timer.rb": {
        "lines": [
          1,
          null,
          1,
          1,
          null,
          1,
          1,
          null,
          1,
          8,
          8,
          null,
          null,
          1,
          87,
          null,
          null,
          1,
          5,
          50,
          null,
          null,
          null,
          1,
          15,
          15,
          15,
          null,
          null,
          1,
          14,
          null,
          null,
          1,
          13,
          null,
          null,
          1,
          5,
          null,
          null,
          1,
          4,
          4,
          4,
          12,
          12,
          12,
          null,
          4,
          4,
          null,
          null,
          1,
          1,
          3,
          null,
          null,
          null,
          1,
          4,
          4,
          null,
          null,
          null
        ]
      }
    },
    "timestamp": 1640095835
  }
}
